<mule xmlns="http://www.mulesoft.org/schema/mule/core"
      xmlns:xsi="http://www.w3.org/2001/XMLSchema-instance"
      xmlns:parquet="http://www.mulesoft.org/schema/mule/parquet"
      xsi:schemaLocation="http://www.mulesoft.org/schema/mule/core http://www.mulesoft.org/schema/mule/core/current/mule.xsd
          http://www.mulesoft.org/schema/mule/parquet http://www.mulesoft.org/schema/mule/parquet/current/mule-parquet.xsd">

    <parquet:config name="config" configId="configId">
        <cohere:connection requiredParameter="aValue" />
    </parquet:config>

    <flow name="sayHiFlow">
        <parquet:say-hi person="Mariano Gonzalez"/>
    </flow>

    <flow name="retrieveInfoFlow">
        <parquet:retrieve-info config-ref="config"/>
    </flow>

</mule>
